PS D:\Projects\RangerTrak\rangertrak> npm install leaflet@1.8.0-beta0
npm WARN ERESOLVE overriding peer dependency
npm WARN While resolving: rangertrak@0.11.38
npm WARN Found: leaflet@1.7.1
npm WARN node_modules/leaflet
npm WARN   peer leaflet@"^1.3.1" from leaflet.markercluster@1.5.3
npm WARN   node_modules/leaflet.markercluster
npm WARN     leaflet.markercluster@"^1.5.3" from the root project
npm WARN   2 more (leaflet.offline, the root project)
npm WARN
npm WARN Could not resolve dependency:
npm WARN peer leaflet@"^1.3.1" from leaflet.markercluster@1.5.3
npm WARN node_modules/leaflet.markercluster
npm WARN   leaflet.markercluster@"^1.5.3" from the root project
npm WARN ERESOLVE overriding peer dependency
npm WARN While resolving: rangertrak@0.11.38
npm WARN Found: leaflet@1.7.1
npm WARN node_modules/leaflet
npm WARN   peer leaflet@"^1.3.1" from leaflet.markercluster@1.5.3
npm WARN   node_modules/leaflet.markercluster
npm WARN     leaflet.markercluster@"^1.5.3" from the root project
npm WARN   2 more (leaflet.offline, the root project)
npm WARN
npm WARN Could not resolve dependency:
npm WARN peer leaflet@"^1.6.0" from leaflet.offline@2.1.0
npm WARN node_modules/leaflet.offline
npm WARN   leaflet.offline@"^2.1.0" from the root project
npm ERR! code ETARGET
npm ERR! notarget No matching version found for leaflet@1.8.0-beta0.
npm ERR! notarget In most cases you or one of your dependencies are requesting
npm ERR! notarget a package version that doesn't exist.

npm ERR! A complete log of this run can be found in:
npm ERR!     C:\Users\John\AppData\Local\npm-cache\_logs\2022-03-12T17_29_32_178Z-debug-0.log
PS D:\Projects\RangerTrak\rangertrak> npm install leaflet@1.8.0-beta.0
npm WARN ERESOLVE overriding peer dependency
npm WARN While resolving: rangertrak@0.11.38
npm WARN Found: leaflet@1.7.1
npm WARN node_modules/leaflet
npm WARN   peer leaflet@"^1.3.1" from leaflet.markercluster@1.5.3
npm WARN   node_modules/leaflet.markercluster
npm WARN     leaflet.markercluster@"^1.5.3" from the root project
npm WARN   2 more (leaflet.offline, the root project)
npm WARN
npm WARN Could not resolve dependency:
npm WARN peer leaflet@"^1.3.1" from leaflet.markercluster@1.5.3
npm WARN node_modules/leaflet.markercluster
npm WARN   leaflet.markercluster@"^1.5.3" from the root project
npm WARN ERESOLVE overriding peer dependency
npm WARN While resolving: rangertrak@0.11.38
npm WARN Found: leaflet@1.7.1
npm WARN node_modules/leaflet
npm WARN   peer leaflet@"^1.3.1" from leaflet.markercluster@1.5.3
npm WARN   node_modules/leaflet.markercluster
npm WARN     leaflet.markercluster@"^1.5.3" from the root project
npm WARN   2 more (leaflet.offline, the root project)
npm WARN
npm WARN Could not resolve dependency:
npm WARN peer leaflet@"^1.6.0" from leaflet.offline@2.1.0
npm WARN node_modules/leaflet.offline
npm WARN   leaflet.offline@"^2.1.0" from the root project

changed 1 package, and audited 1628 packages in 2s

128 packages are looking for funding
  run `npm fund` for details

21 vulnerabilities (17 moderate, 4 high)

To address issues that do not require attention, run:
  npm audit fix

To address all issues possible (including breaking changes), run:
  npm audit fix --force

Some issues need review, and may require choosing
a different dependency.

Run `npm audit` for details.
PS D:\Projects\RangerTrak\rangertrak> ng s -o
Node.js version v17.0.1 detected.
Odd numbered Node.js versions will not enter LTS status and should not be used for production. For more information, please see https://nodejs.org/en/about/releases/.
⠏ Generating browser application bundles (phase: building)...: both $level and $color are required; received $level: '0', $color: ''
    node_modules\@material\elevation\_elevation-theme.scss 234:5   -shadow()
    node_modules\@material\elevation\_elevation-theme.scss 466:20  resolver()
    node_modules\@material\tokens\_resolvers.scss 5:11             -material-elevation()
    node_modules\@material\elevation\_elevation-theme.scss 426:21  with-resolver()
    node_modules\@material\banner\_banner-theme.scss 437:3         -banner-elevation()
    node_modules\@material\banner\_banner-theme.scss 154:3         theme-styles()
    node_modules\@material\banner\_banner.scss 63:5                core-styles()
    node_modules\@material\banner\styles.scss 25:1                 @use
    src\app\rangers\rangers.component.scss 3:1                     root stylesheet

WARNING: both $level and $color are required; received $level: '0', $color: ''
    node_modules\@material\elevation\_elevation-theme.scss 234:5   -shadow()
    node_modules\@material\elevation\_elevation-theme.scss 466:20  resolver()
    node_modules\@material\tokens\_resolvers.scss 5:11             -material-elevation()
    node_modules\@material\elevation\_elevation-theme.scss 426:21  with-resolver()
    node_modules\@material\banner\_banner-theme.scss 437:3         -banner-elevation()
    node_modules\@material\banner\_banner-theme.scss 154:3         theme-styles()
    node_modules\@material\banner\_banner.scss 63:5                core-styles()
    node_modules\@material\banner\styles.scss 25:1                 @use
    src\app\shared\alerts\alerts.component.scss 11:1               root stylesheet

✔ Browser application bundle generation complete.

Initial Chunk Files   | Names         |  Raw Size
vendor.js             | vendor        |  14.18 MB |
main.js               | main          |   2.88 MB |
styles.css, styles.js | styles        | 634.51 kB |
polyfills.js          | polyfills     | 294.84 kB |
runtime.js            | runtime       |   8.35 kB |

                      | Initial Total |  17.97 MB

Build at: 2022-03-12T17:33:46.362Z - Hash: 13e1f2d8ffbf332e - Time: 15991ms

Warning: D:\Projects\RangerTrak\rangertrak\node_modules\@turf\clusters-dbscan\dist\es\index.js depends on 'density-clustering'. CommonJS or AMD dependencies can cause optimization bailouts.
For more info see: https://angular.io/guide/build#configuring-commonjs-dependencies

Warning: D:\Projects\RangerTrak\rangertrak\node_modules\@turf\clusters-kmeans\dist\es\index.js depends on 'skmeans'. CommonJS or AMD dependencies can cause optimization bailouts.
For more info see: https://angular.io/guide/build#configuring-commonjs-dependencies

Warning: D:\Projects\RangerTrak\rangertrak\src\app\entry\mini-lmap.component.ts depends on 'leaflet.offline'. CommonJS or AMD dependencies can cause optimization bailouts.
For more info see: https://angular.io/guide/build#configuring-commonjs-dependencies

Warning: D:\Projects\RangerTrak\rangertrak\src\app\shared\services\log.service.ts depends on 'chalk'. CommonJS or AMD dependencies can cause optimization bailouts.
For more info see: https://angular.io/guide/build#configuring-commonjs-dependencies



** Angular Live Development Server is listening on localhost:4200, open your browser on http://localhost:4200/ **


√ Compiled successfully.
✔ Browser application bundle generation complete.

Initial Chunk Files | Names   | Raw Size
main.js             | main    |  2.88 MB |
runtime.js          | runtime |  8.35 kB |

3 unchanged chunks
