0) 16:18:12.354 - Navbar Component: constructor
1) 16:18:12.356 - Settings Service: ======== constructor() ============
2) 16:18:12.356 - Settings Service: Get App Settings...
3) 16:18:12.357 - Settings Service: Initialized App Settings from localstorage
4) 16:18:12.357 - Settings Service: Settings version (from package.json) set to: 0.11.44
5) 16:18:12.357 - Settings Service: Notified subscribers of new Application Settings {"settingsName":"","settingsDate":"2022-10-17T18:55:19.084Z","mission":"69","event":"Make Peace","eventNotes":"Groovin' on Vashon","opPeriod":"myOpPeriod","opPeriodStart":"2022-10-17T18:55:19.084Z","opPeriodEnd":"2022-10-18T06:55:19.084Z","application":"RangerTrak","version":"0.11.44","debugMode":false,"defLat":47.4472,"defLng":-122.4627,"defPlusCode":"84VVCGWP+VW","w3wLocale":"Vashon, WA","allowManualPinDrops":true,"google":{"defZoom":17,"markerScheme":"","overviewDifference":5,"overviewMinZoom":5,"overviewMaxZoom":16},"leaflet":{"defZoom":17,"markerScheme":"","overviewDifference":5,"overviewMinZoom":5,"overviewMaxZoom":16},"imageDirectory":"./assets/imgs/","defFieldReportStatus":0,"fieldReportStatuses":[{"status":"Normal","color":"LightYellow","icon":"check_FILL0_wght400_GRAD0_opsz48.png"},{"status":"Location Report","color":"Aquamarine","icon":"where_to_vote_FILL0_wght400_GRAD0_opsz48.png"},{"status":"Evidence Report","color":"DarkGoldenrod","icon":"add_photo_alternate_FILL0_wght400_GRAD0_opsz48.png"},{"status":"Need Rest/Food","color":"Chartreuse","icon":"mood_bad_FILL0_wght400_GRAD0_opsz48.png"},{"status":"Incident Check-in","color":"Silver","icon":"person_add_FILL0_wght400_GRAD0_opsz48.png"},{"status":"Incident Check-out","color":"DimGray","icon":"person_remove_FILL0_wght400_GRAD0_opsz48.png"},{"status":"Urgent","color":"Crimson","icon":"crisis_alert_FILL0_wght400_GRAD0_opsz48.png"}]}
6) 16:18:12.357 - Settings Service: out of constructor
9) 16:18:12.367 - Navbar Component: ngOnInit
10) 16:18:12.381 - Ranger Service: ======== Constructor() ============
13) 16:18:12.382 - Ranger Service: Got 18 from Local Storage
14) 16:18:12.382 - Ranger Service: ======== Constructor() ============
17) 16:18:12.383 - Ranger Service: Got 18 from Local Storage
18) 16:18:12.384 - Settings Service: ======== constructor() ============
19) 16:18:12.384 - Settings Service: Get App Settings...
20) 16:18:12.384 - Settings Service: Initialized App Settings from localstorage
21) 16:18:12.385 - Settings Service: Settings version (from package.json) set to: 0.11.44
22) 16:18:12.385 - Settings Service: Notified subscribers of new Application Settings {"settingsName":"","settingsDate":"2022-10-17T18:55:19.084Z","mission":"69","event":"Make Peace","eventNotes":"Groovin' on Vashon","opPeriod":"myOpPeriod","opPeriodStart":"2022-10-17T18:55:19.084Z","opPeriodEnd":"2022-10-18T06:55:19.084Z","application":"RangerTrak","version":"0.11.44","debugMode":false,"defLat":47.4472,"defLng":-122.4627,"defPlusCode":"84VVCGWP+VW","w3wLocale":"Vashon, WA","allowManualPinDrops":true,"google":{"defZoom":17,"markerScheme":"","overviewDifference":5,"overviewMinZoom":5,"overviewMaxZoom":16},"leaflet":{"defZoom":17,"markerScheme":"","overviewDifference":5,"overviewMinZoom":5,"overviewMaxZoom":16},"imageDirectory":"./assets/imgs/","defFieldReportStatus":0,"fieldReportStatuses":[{"status":"Normal","color":"LightYellow","icon":"check_FILL0_wght400_GRAD0_opsz48.png"},{"status":"Location Report","color":"Aquamarine","icon":"where_to_vote_FILL0_wght400_GRAD0_opsz48.png"},{"status":"Evidence Report","color":"DarkGoldenrod","icon":"add_photo_alternate_FILL0_wght400_GRAD0_opsz48.png"},{"status":"Need Rest/Food","color":"Chartreuse","icon":"mood_bad_FILL0_wght400_GRAD0_opsz48.png"},{"status":"Incident Check-in","color":"Silver","icon":"person_add_FILL0_wght400_GRAD0_opsz48.png"},{"status":"Incident Check-out","color":"DimGray","icon":"person_remove_FILL0_wght400_GRAD0_opsz48.png"},{"status":"Urgent","color":"Crimson","icon":"crisis_alert_FILL0_wght400_GRAD0_opsz48.png"}]}
23) 16:18:12.385 - Settings Service: out of constructor
24) 16:18:12.386 - Field Report Service: ======== Constructor() ============
26) 16:18:12.387 - Field Report Service: Application version 0.11.44 does NOT match version used to store Field Reports: 0.11.39. No upgrade logic implemented yet...
27) 16:18:12.387 - Field Report Service: Got v.0.11.39 for event: sat test on 2022-09-21T03:28:48.554Z with 120 Field Reports from localstorage
28) 16:18:12.387 - Field Report Service: recalcFieldBounds got 120 field reports
29) 16:18:12.388 - Field Report Service: recalcFieldBounds got E:-122.4617 W:-122.4617 N:47.4481 S:47.4
30) 16:18:12.388 - Field Report Service: recalcFieldBounds BROADENED to E:-122.4592 W:-122.46419999999999
33) 16:18:12.389 - Field Report Service: ======== Constructor() ============
35) 16:18:12.390 - Field Report Service: Application version 0.11.44 does NOT match version used to store Field Reports: 0.11.39. No upgrade logic implemented yet...
36) 16:18:12.390 - Field Report Service: Got v.0.11.39 for event: sat test on 2022-09-21T03:28:48.554Z with 120 Field Reports from localstorage
37) 16:18:12.391 - Field Report Service: recalcFieldBounds got 120 field reports
38) 16:18:12.391 - Field Report Service: recalcFieldBounds got E:-122.4617 W:-122.4617 N:47.4481 S:47.4
39) 16:18:12.391 - Field Report Service: recalcFieldBounds BROADENED to E:-122.4592 W:-122.46419999999999
46) 16:18:12.394 - Entry Form: constructor: got new callsign: [does endless loop: ] { JSON.stringify(this.filteredRangers) }
47) 16:18:12.397 - Settings Service: ======== constructor() ============
48) 16:18:12.398 - Settings Service: Get App Settings...
49) 16:18:12.398 - Settings Service: Initialized App Settings from localstorage
50) 16:18:12.399 - Settings Service: Settings version (from package.json) set to: 0.11.44
51) 16:18:12.399 - Settings Service: Notified subscribers of new Application Settings {"settingsName":"","settingsDate":"2022-10-17T18:55:19.084Z","mission":"69","event":"Make Peace","eventNotes":"Groovin' on Vashon","opPeriod":"myOpPeriod","opPeriodStart":"2022-10-17T18:55:19.084Z","opPeriodEnd":"2022-10-18T06:55:19.084Z","application":"RangerTrak","version":"0.11.44","debugMode":false,"defLat":47.4472,"defLng":-122.4627,"defPlusCode":"84VVCGWP+VW","w3wLocale":"Vashon, WA","allowManualPinDrops":true,"google":{"defZoom":17,"markerScheme":"","overviewDifference":5,"overviewMinZoom":5,"overviewMaxZoom":16},"leaflet":{"defZoom":17,"markerScheme":"","overviewDifference":5,"overviewMinZoom":5,"overviewMaxZoom":16},"imageDirectory":"./assets/imgs/","defFieldReportStatus":0,"fieldReportStatuses":[{"status":"Normal","color":"LightYellow","icon":"check_FILL0_wght400_GRAD0_opsz48.png"},{"status":"Location Report","color":"Aquamarine","icon":"where_to_vote_FILL0_wght400_GRAD0_opsz48.png"},{"status":"Evidence Report","color":"DarkGoldenrod","icon":"add_photo_alternate_FILL0_wght400_GRAD0_opsz48.png"},{"status":"Need Rest/Food","color":"Chartreuse","icon":"mood_bad_FILL0_wght400_GRAD0_opsz48.png"},{"status":"Incident Check-in","color":"Silver","icon":"person_add_FILL0_wght400_GRAD0_opsz48.png"},{"status":"Incident Check-out","color":"DimGray","icon":"person_remove_FILL0_wght400_GRAD0_opsz48.png"},{"status":"Urgent","color":"Crimson","icon":"crisis_alert_FILL0_wght400_GRAD0_opsz48.png"}]}
52) 16:18:12.399 - Settings Service: out of constructor
55) 16:18:12.400 - Abstract Map Component: (Abstract) gotNewFieldReports(): New collection of 120 Field Reports observed.
56) 16:18:12.401 - Leaflet MiniMap Component: ======== Constructor() ============, using https://www.LeafletJS.com version 1.9.3
57) 16:18:12.416 - Location Component: ======== Constructor() ============
59) 16:18:12.418 - Location Component: Out of constructor
61) 16:18:12.453 - Entry Form: EntryForm initialization with development mode enabled
64) 16:18:12.454 - Header component: New settings received
66) 16:18:12.454 - Leaflet MiniMap Component: LMini-Map location Setter called! {"lat":47.4472,"lng":-122.4627,"address":"NO_LOCATION_SET_YET","derivedFromAddress":false}
67) 16:18:12.454 - Leaflet MiniMap Component: Entry form has no address yet: NO_LOCATION_SET_YET
68) 16:18:12.454 - Leaflet MiniMap Component: Setting new location, but L.Map not yet set!!!
70) 16:18:12.455 - Leaflet MiniMap Component: addMarker(): bad lat: 47.4472 or lng: -122.4627 or lmap: undefined
71) 16:18:12.455 - Leaflet MiniMap Component: (Abstract) ngOnInit()
72) 16:18:12.455 - Leaflet MiniMap Component: (Abstract) updateFieldReports() could not find selectedFieldReports
74) 16:18:12.479 - Leaflet MiniMap Component: (Abstract) initMainMap()
76) 16:18:12.484 - Leaflet MiniMap Component: (Abstract) displayMarkers()
77) 16:18:12.484 - Leaflet MiniMap Component: displayMarkers: all 0 of 'em
79) 16:18:12.493 - Unknown: (Abstract) updateFieldReports got no Selected reports
81) 16:18:12.493 - Leaflet MiniMap Component: MarkclearMarkers()
83) 16:18:12.503 - Location Component: ngOnInit
84) 16:18:12.503 - Location Component: newLocationToFormAndEmit() got a new Location: {"lat":47.4472,"lng":-122.4627,"address":"NO_LOCATION_SET_YET","derivedFromAddress":false}
85) 16:18:12.504 - Location Component: DDToAddress() Looking up address: 47.4472, -122.4627
88) 16:18:12.504 - Location Component: newLocationToFormAndEmit() Emitting new Location {"lat":47.4472,"lng":-122.4627,"address":"NO_LOCATION_SET_YET","derivedFromAddress":false}
89) 16:18:12.505 - Entry Form: Entry form (parent) got new Location: {"lat":47.4472,"lng":-122.4627,"address":"NO_LOCATION_SET_YET","derivedFromAddress":false}
90) 16:18:12.505 - Entry Form: locationParent was: {"lat":47.4472,"lng":-122.4627,"address":"NO_LOCATION_SET_YET","derivedFromAddress":false}
91) 16:18:12.505 - Entry Form: locationParent now: {"lat":47.4472,"lng":-122.4627,"address":"NO_LOCATION_SET_YET","derivedFromAddress":false}
92) 16:18:12.505 - DateTime Picker: initialDate = Fri Nov 25 2022 16:18:12 GMT-0800 (Pacific Standard Time) in ngInit
93) 16:18:12.790 - Location Component: DDToAddress(): Received a new geocoded address[0]: "10019 SW Bank Rd, Vashon, WA 98070, USA"
94) 16:18:12.790 - Location Component: updateDerivedLocations()
95) 16:18:12.790 - Location Component: updateCoords: Encode returned PlusCode: 84VVCGWP+VWM
96) 16:18:12.790 - Location Component: Shorten +Codes, Global: 84VVCGWP+VWM, Lat: 47.4472; lng: -122.4627
97) 16:18:12.790 - Location Component: New PlusCodes: +VWM ; Global: 84VVCGWP+VWM
98) 16:18:12.791 - Location Component: DDToAddress() Emitting new Location {"lat":47.4472,"lng":-122.4627,"address":"10019 SW Bank Rd, Vashon, WA 98070, USA","derivedFromAddress":false}
99) 16:18:12.791 - Entry Form: Entry form (parent) got new Location: {"lat":47.4472,"lng":-122.4627,"address":"10019 SW Bank Rd, Vashon, WA 98070, USA","derivedFromAddress":false}
100) 16:18:12.791 - Entry Form: locationParent was: {"lat":47.4472,"lng":-122.4627,"address":"10019 SW Bank Rd, Vashon, WA 98070, USA","derivedFromAddress":false}
101) 16:18:12.791 - Entry Form: locationParent now: {"lat":47.4472,"lng":-122.4627,"address":"10019 SW Bank Rd, Vashon, WA 98070, USA","derivedFromAddress":false}
102) 16:18:15.179 - Header component: New settings received
